<?xml version="1.0" encoding="UTF-8"?>
<!-- Generated by org.testng.reporters.JUnitXMLReporter -->
<testsuite ignored="0" hostname="DESKTOP-QI3144H" failures="0" tests="4" name="Default test" time="77.993" errors="0" timestamp="2022-01-28T08:35:01 IST">
  <testcase classname="com.petstore.ui.testclass.HomePageTest" name="verifyHomePageTitleTest" time="3.875"/>
  <testcase classname="com.petstore.ui.testclass.HomePageTest" name="VerifySignInButton" time="2.363"/>
  <testcase classname="com.petstore.ui.testclass.HomePageTest" name="clickRegistarionLink" time="3.119"/>
  <testcase classname="com.petstore.ui.testclass.HomePageTest" name="createNewUser" time="8.732"/>
</testsuite> <!-- Default test -->
