<?xml version="1.0" encoding="UTF-8"?>
<testng-results ignored="0" total="10" passed="10" failed="0" skipped="0">
  <reporter-output>
  </reporter-output>
  <suite started-at="2022-02-01T08:12:45 IST" name="Regression Suite" finished-at="2022-02-01T08:15:56 IST" duration-ms="191361">
    <groups>
    </groups>
    <test started-at="2022-02-01T08:12:45 IST" name="Releaseone Test" finished-at="2022-02-01T08:15:56 IST" duration-ms="191361">
      <class name="com.petstore.ui.testclass.HomePageTest">
        <test-method is-config="true" signature="setUp()[pri:0, instance:com.petstore.ui.testclass.HomePageTest@5f058f00]" started-at="2022-02-01T08:12:45 IST" name="setUp" finished-at="2022-02-01T08:13:00 IST" duration-ms="15166" status="PASS">
          <reporter-output>
          </reporter-output>
        </test-method> <!-- setUp -->
        <test-method signature="VerifyAddCart()[pri:0, instance:com.petstore.ui.testclass.HomePageTest@5f058f00]" started-at="2022-02-01T08:13:00 IST" name="VerifyAddCart" finished-at="2022-02-01T08:13:07 IST" duration-ms="6823" status="PASS">
          <reporter-output>
          </reporter-output>
        </test-method> <!-- VerifyAddCart -->
        <test-method is-config="true" signature="tearDown()[pri:0, instance:com.petstore.ui.testclass.HomePageTest@5f058f00]" started-at="2022-02-01T08:13:07 IST" name="tearDown" finished-at="2022-02-01T08:13:12 IST" duration-ms="5127" status="PASS">
          <reporter-output>
          </reporter-output>
        </test-method> <!-- tearDown -->
        <test-method is-config="true" signature="setUp()[pri:0, instance:com.petstore.ui.testclass.HomePageTest@5f058f00]" started-at="2022-02-01T08:13:12 IST" name="setUp" finished-at="2022-02-01T08:13:19 IST" duration-ms="6561" status="PASS">
          <reporter-output>
          </reporter-output>
        </test-method> <!-- setUp -->
        <test-method signature="verifyHomePageTitleTest()[pri:1, instance:com.petstore.ui.testclass.HomePageTest@5f058f00]" started-at="2022-02-01T08:13:19 IST" name="verifyHomePageTitleTest" finished-at="2022-02-01T08:13:22 IST" duration-ms="3463" status="PASS">
          <reporter-output>
          </reporter-output>
        </test-method> <!-- verifyHomePageTitleTest -->
        <test-method is-config="true" signature="tearDown()[pri:0, instance:com.petstore.ui.testclass.HomePageTest@5f058f00]" started-at="2022-02-01T08:13:22 IST" name="tearDown" finished-at="2022-02-01T08:13:24 IST" duration-ms="2388" status="PASS">
          <reporter-output>
          </reporter-output>
        </test-method> <!-- tearDown -->
        <test-method is-config="true" signature="setUp()[pri:0, instance:com.petstore.ui.testclass.HomePageTest@5f058f00]" started-at="2022-02-01T08:13:24 IST" name="setUp" finished-at="2022-02-01T08:13:30 IST" duration-ms="5772" status="PASS">
          <reporter-output>
          </reporter-output>
        </test-method> <!-- setUp -->
        <test-method signature="VerifySignInButton()[pri:2, instance:com.petstore.ui.testclass.HomePageTest@5f058f00]" started-at="2022-02-01T08:13:30 IST" name="VerifySignInButton" finished-at="2022-02-01T08:13:32 IST" duration-ms="2262" status="PASS">
          <reporter-output>
          </reporter-output>
        </test-method> <!-- VerifySignInButton -->
        <test-method is-config="true" signature="tearDown()[pri:0, instance:com.petstore.ui.testclass.HomePageTest@5f058f00]" started-at="2022-02-01T08:13:32 IST" name="tearDown" finished-at="2022-02-01T08:13:35 IST" duration-ms="2887" status="PASS">
          <reporter-output>
          </reporter-output>
        </test-method> <!-- tearDown -->
        <test-method is-config="true" signature="setUp()[pri:0, instance:com.petstore.ui.testclass.HomePageTest@5f058f00]" started-at="2022-02-01T08:13:35 IST" name="setUp" finished-at="2022-02-01T08:13:40 IST" duration-ms="4927" status="PASS">
          <reporter-output>
          </reporter-output>
        </test-method> <!-- setUp -->
        <test-method signature="clickRegistarionLink()[pri:3, instance:com.petstore.ui.testclass.HomePageTest@5f058f00]" started-at="2022-02-01T08:13:40 IST" name="clickRegistarionLink" finished-at="2022-02-01T08:13:43 IST" duration-ms="3017" status="PASS">
          <reporter-output>
          </reporter-output>
        </test-method> <!-- clickRegistarionLink -->
        <test-method is-config="true" signature="tearDown()[pri:0, instance:com.petstore.ui.testclass.HomePageTest@5f058f00]" started-at="2022-02-01T08:13:43 IST" name="tearDown" finished-at="2022-02-01T08:13:47 IST" duration-ms="3427" status="PASS">
          <reporter-output>
          </reporter-output>
        </test-method> <!-- tearDown -->
        <test-method is-config="true" signature="setUp()[pri:0, instance:com.petstore.ui.testclass.HomePageTest@5f058f00]" started-at="2022-02-01T08:13:51 IST" name="setUp" finished-at="2022-02-01T08:13:57 IST" duration-ms="6356" status="PASS">
          <reporter-output>
          </reporter-output>
        </test-method> <!-- setUp -->
        <test-method signature="createNewUser(java.lang.String,java.lang.String,java.lang.String,java.lang.String,java.lang.String,java.lang.String,java.lang.String,java.lang.String,java.lang.String,java.lang.String,java.lang.String,java.lang.String,java.lang.String,java.lang.String,java.lang.String)[pri:5, instance:com.petstore.ui.testclass.HomePageTest@5f058f00]" started-at="2022-02-01T08:13:57 IST" name="createNewUser" data-provider="getRegistrationData" finished-at="2022-02-01T08:14:09 IST" duration-ms="11708" status="PASS">
          <params>
            <param index="0">
              <value>
                <![CDATA[Java1]]>
              </value>
            </param>
            <param index="1">
              <value>
                <![CDATA[Java*09876]]>
              </value>
            </param>
            <param index="2">
              <value>
                <![CDATA[Java*09876]]>
              </value>
            </param>
            <param index="3">
              <value>
                <![CDATA[Java1]]>
              </value>
            </param>
            <param index="4">
              <value>
                <![CDATA[Java1]]>
              </value>
            </param>
            <param index="5">
              <value>
                <![CDATA[Java1@yopmail.com]]>
              </value>
            </param>
            <param index="6">
              <value>
                <![CDATA[7.876545678E9]]>
              </value>
            </param>
            <param index="7">
              <value>
                <![CDATA[Bangalore]]>
              </value>
            </param>
            <param index="8">
              <value>
                <![CDATA[bangalore]]>
              </value>
            </param>
            <param index="9">
              <value>
                <![CDATA[bangalore]]>
              </value>
            </param>
            <param index="10">
              <value>
                <![CDATA[karnataka]]>
              </value>
            </param>
            <param index="11">
              <value>
                <![CDATA[560016.0]]>
              </value>
            </param>
            <param index="12">
              <value>
                <![CDATA[India]]>
              </value>
            </param>
            <param index="13">
              <value>
                <![CDATA[english]]>
              </value>
            </param>
            <param index="14">
              <value>
                <![CDATA[FISH]]>
              </value>
            </param>
          </params>
          <reporter-output>
          </reporter-output>
        </test-method> <!-- createNewUser -->
        <test-method is-config="true" signature="tearDown()[pri:0, instance:com.petstore.ui.testclass.HomePageTest@5f058f00]" started-at="2022-02-01T08:14:09 IST" name="tearDown" finished-at="2022-02-01T08:14:11 IST" duration-ms="2004" status="PASS">
          <reporter-output>
          </reporter-output>
        </test-method> <!-- tearDown -->
        <test-method is-config="true" signature="setUp()[pri:0, instance:com.petstore.ui.testclass.HomePageTest@5f058f00]" started-at="2022-02-01T08:14:11 IST" name="setUp" finished-at="2022-02-01T08:14:17 IST" duration-ms="5721" status="PASS">
          <reporter-output>
          </reporter-output>
        </test-method> <!-- setUp -->
        <test-method signature="createNewUser(java.lang.String,java.lang.String,java.lang.String,java.lang.String,java.lang.String,java.lang.String,java.lang.String,java.lang.String,java.lang.String,java.lang.String,java.lang.String,java.lang.String,java.lang.String,java.lang.String,java.lang.String)[pri:5, instance:com.petstore.ui.testclass.HomePageTest@5f058f00]" started-at="2022-02-01T08:14:17 IST" name="createNewUser" data-provider="getRegistrationData" finished-at="2022-02-01T08:14:27 IST" duration-ms="9998" status="PASS">
          <params>
            <param index="0">
              <value>
                <![CDATA[Java2]]>
              </value>
            </param>
            <param index="1">
              <value>
                <![CDATA[Java*09876]]>
              </value>
            </param>
            <param index="2">
              <value>
                <![CDATA[Java*09876]]>
              </value>
            </param>
            <param index="3">
              <value>
                <![CDATA[Java2]]>
              </value>
            </param>
            <param index="4">
              <value>
                <![CDATA[Java2]]>
              </value>
            </param>
            <param index="5">
              <value>
                <![CDATA[Java2@yopmail.com]]>
              </value>
            </param>
            <param index="6">
              <value>
                <![CDATA[7.876545678E9]]>
              </value>
            </param>
            <param index="7">
              <value>
                <![CDATA[Bangalore]]>
              </value>
            </param>
            <param index="8">
              <value>
                <![CDATA[bangalore]]>
              </value>
            </param>
            <param index="9">
              <value>
                <![CDATA[bangalore]]>
              </value>
            </param>
            <param index="10">
              <value>
                <![CDATA[karnataka]]>
              </value>
            </param>
            <param index="11">
              <value>
                <![CDATA[560016.0]]>
              </value>
            </param>
            <param index="12">
              <value>
                <![CDATA[India]]>
              </value>
            </param>
            <param index="13">
              <value>
                <![CDATA[japanese]]>
              </value>
            </param>
            <param index="14">
              <value>
                <![CDATA[DOGS]]>
              </value>
            </param>
          </params>
          <reporter-output>
          </reporter-output>
        </test-method> <!-- createNewUser -->
        <test-method is-config="true" signature="tearDown()[pri:0, instance:com.petstore.ui.testclass.HomePageTest@5f058f00]" started-at="2022-02-01T08:14:27 IST" name="tearDown" finished-at="2022-02-01T08:14:28 IST" duration-ms="1591" status="PASS">
          <reporter-output>
          </reporter-output>
        </test-method> <!-- tearDown -->
        <test-method is-config="true" signature="setUp()[pri:0, instance:com.petstore.ui.testclass.HomePageTest@5f058f00]" started-at="2022-02-01T08:14:28 IST" name="setUp" finished-at="2022-02-01T08:14:35 IST" duration-ms="6532" status="PASS">
          <reporter-output>
          </reporter-output>
        </test-method> <!-- setUp -->
        <test-method signature="createNewUser(java.lang.String,java.lang.String,java.lang.String,java.lang.String,java.lang.String,java.lang.String,java.lang.String,java.lang.String,java.lang.String,java.lang.String,java.lang.String,java.lang.String,java.lang.String,java.lang.String,java.lang.String)[pri:5, instance:com.petstore.ui.testclass.HomePageTest@5f058f00]" started-at="2022-02-01T08:14:35 IST" name="createNewUser" data-provider="getRegistrationData" finished-at="2022-02-01T08:14:46 IST" duration-ms="10744" status="PASS">
          <params>
            <param index="0">
              <value>
                <![CDATA[Java3]]>
              </value>
            </param>
            <param index="1">
              <value>
                <![CDATA[Java*09876]]>
              </value>
            </param>
            <param index="2">
              <value>
                <![CDATA[Java*09876]]>
              </value>
            </param>
            <param index="3">
              <value>
                <![CDATA[Java3]]>
              </value>
            </param>
            <param index="4">
              <value>
                <![CDATA[Java3]]>
              </value>
            </param>
            <param index="5">
              <value>
                <![CDATA[Java3@yopmail.com]]>
              </value>
            </param>
            <param index="6">
              <value>
                <![CDATA[7.876545678E9]]>
              </value>
            </param>
            <param index="7">
              <value>
                <![CDATA[Bangalore]]>
              </value>
            </param>
            <param index="8">
              <value>
                <![CDATA[bangalore]]>
              </value>
            </param>
            <param index="9">
              <value>
                <![CDATA[bangalore]]>
              </value>
            </param>
            <param index="10">
              <value>
                <![CDATA[karnataka]]>
              </value>
            </param>
            <param index="11">
              <value>
                <![CDATA[560016.0]]>
              </value>
            </param>
            <param index="12">
              <value>
                <![CDATA[India]]>
              </value>
            </param>
            <param index="13">
              <value>
                <![CDATA[english]]>
              </value>
            </param>
            <param index="14">
              <value>
                <![CDATA[FISH]]>
              </value>
            </param>
          </params>
          <reporter-output>
          </reporter-output>
        </test-method> <!-- createNewUser -->
        <test-method is-config="true" signature="tearDown()[pri:0, instance:com.petstore.ui.testclass.HomePageTest@5f058f00]" started-at="2022-02-01T08:14:46 IST" name="tearDown" finished-at="2022-02-01T08:14:47 IST" duration-ms="1586" status="PASS">
          <reporter-output>
          </reporter-output>
        </test-method> <!-- tearDown -->
        <test-method is-config="true" signature="setUp()[pri:0, instance:com.petstore.ui.testclass.HomePageTest@5f058f00]" started-at="2022-02-01T08:14:47 IST" name="setUp" finished-at="2022-02-01T08:14:57 IST" duration-ms="9600" status="PASS">
          <reporter-output>
          </reporter-output>
        </test-method> <!-- setUp -->
        <test-method signature="createNewUser(java.lang.String,java.lang.String,java.lang.String,java.lang.String,java.lang.String,java.lang.String,java.lang.String,java.lang.String,java.lang.String,java.lang.String,java.lang.String,java.lang.String,java.lang.String,java.lang.String,java.lang.String)[pri:5, instance:com.petstore.ui.testclass.HomePageTest@5f058f00]" started-at="2022-02-01T08:14:57 IST" name="createNewUser" data-provider="getRegistrationData" finished-at="2022-02-01T08:15:08 IST" duration-ms="10824" status="PASS">
          <params>
            <param index="0">
              <value>
                <![CDATA[Java4]]>
              </value>
            </param>
            <param index="1">
              <value>
                <![CDATA[Java*09876]]>
              </value>
            </param>
            <param index="2">
              <value>
                <![CDATA[Java*09876]]>
              </value>
            </param>
            <param index="3">
              <value>
                <![CDATA[Java4]]>
              </value>
            </param>
            <param index="4">
              <value>
                <![CDATA[Java4]]>
              </value>
            </param>
            <param index="5">
              <value>
                <![CDATA[Java4@yopmail.com]]>
              </value>
            </param>
            <param index="6">
              <value>
                <![CDATA[7.876545678E9]]>
              </value>
            </param>
            <param index="7">
              <value>
                <![CDATA[Bangalore]]>
              </value>
            </param>
            <param index="8">
              <value>
                <![CDATA[bangalore]]>
              </value>
            </param>
            <param index="9">
              <value>
                <![CDATA[bangalore]]>
              </value>
            </param>
            <param index="10">
              <value>
                <![CDATA[karnataka]]>
              </value>
            </param>
            <param index="11">
              <value>
                <![CDATA[560016.0]]>
              </value>
            </param>
            <param index="12">
              <value>
                <![CDATA[India]]>
              </value>
            </param>
            <param index="13">
              <value>
                <![CDATA[japanese]]>
              </value>
            </param>
            <param index="14">
              <value>
                <![CDATA[DOGS]]>
              </value>
            </param>
          </params>
          <reporter-output>
          </reporter-output>
        </test-method> <!-- createNewUser -->
        <test-method is-config="true" signature="tearDown()[pri:0, instance:com.petstore.ui.testclass.HomePageTest@5f058f00]" started-at="2022-02-01T08:15:08 IST" name="tearDown" finished-at="2022-02-01T08:15:11 IST" duration-ms="2987" status="PASS">
          <reporter-output>
          </reporter-output>
        </test-method> <!-- tearDown -->
        <test-method is-config="true" signature="setUp()[pri:0, instance:com.petstore.ui.testclass.HomePageTest@5f058f00]" started-at="2022-02-01T08:15:11 IST" name="setUp" finished-at="2022-02-01T08:15:18 IST" duration-ms="7514" status="PASS">
          <reporter-output>
          </reporter-output>
        </test-method> <!-- setUp -->
        <test-method signature="createNewUser(java.lang.String,java.lang.String,java.lang.String,java.lang.String,java.lang.String,java.lang.String,java.lang.String,java.lang.String,java.lang.String,java.lang.String,java.lang.String,java.lang.String,java.lang.String,java.lang.String,java.lang.String)[pri:5, instance:com.petstore.ui.testclass.HomePageTest@5f058f00]" started-at="2022-02-01T08:15:18 IST" name="createNewUser" data-provider="getRegistrationData" finished-at="2022-02-01T08:15:29 IST" duration-ms="10717" status="PASS">
          <params>
            <param index="0">
              <value>
                <![CDATA[Java5]]>
              </value>
            </param>
            <param index="1">
              <value>
                <![CDATA[Java*09876]]>
              </value>
            </param>
            <param index="2">
              <value>
                <![CDATA[Java*09876]]>
              </value>
            </param>
            <param index="3">
              <value>
                <![CDATA[Java5]]>
              </value>
            </param>
            <param index="4">
              <value>
                <![CDATA[Java5]]>
              </value>
            </param>
            <param index="5">
              <value>
                <![CDATA[Java5@yopmail.com]]>
              </value>
            </param>
            <param index="6">
              <value>
                <![CDATA[7.876545678E9]]>
              </value>
            </param>
            <param index="7">
              <value>
                <![CDATA[Bangalore]]>
              </value>
            </param>
            <param index="8">
              <value>
                <![CDATA[bangalore]]>
              </value>
            </param>
            <param index="9">
              <value>
                <![CDATA[bangalore]]>
              </value>
            </param>
            <param index="10">
              <value>
                <![CDATA[karnataka]]>
              </value>
            </param>
            <param index="11">
              <value>
                <![CDATA[560016.0]]>
              </value>
            </param>
            <param index="12">
              <value>
                <![CDATA[India]]>
              </value>
            </param>
            <param index="13">
              <value>
                <![CDATA[english]]>
              </value>
            </param>
            <param index="14">
              <value>
                <![CDATA[FISH]]>
              </value>
            </param>
          </params>
          <reporter-output>
          </reporter-output>
        </test-method> <!-- createNewUser -->
        <test-method is-config="true" signature="tearDown()[pri:0, instance:com.petstore.ui.testclass.HomePageTest@5f058f00]" started-at="2022-02-01T08:15:29 IST" name="tearDown" finished-at="2022-02-01T08:15:39 IST" duration-ms="9937" status="PASS">
          <reporter-output>
          </reporter-output>
        </test-method> <!-- tearDown -->
        <test-method is-config="true" signature="setUp()[pri:0, instance:com.petstore.ui.testclass.HomePageTest@5f058f00]" started-at="2022-02-01T08:15:39 IST" name="setUp" finished-at="2022-02-01T08:15:44 IST" duration-ms="5624" status="PASS">
          <reporter-output>
          </reporter-output>
        </test-method> <!-- setUp -->
        <test-method signature="createNewUser(java.lang.String,java.lang.String,java.lang.String,java.lang.String,java.lang.String,java.lang.String,java.lang.String,java.lang.String,java.lang.String,java.lang.String,java.lang.String,java.lang.String,java.lang.String,java.lang.String,java.lang.String)[pri:5, instance:com.petstore.ui.testclass.HomePageTest@5f058f00]" started-at="2022-02-01T08:15:44 IST" name="createNewUser" data-provider="getRegistrationData" finished-at="2022-02-01T08:15:54 IST" duration-ms="9160" status="PASS">
          <params>
            <param index="0">
              <value>
                <![CDATA[Java6]]>
              </value>
            </param>
            <param index="1">
              <value>
                <![CDATA[Java*09876]]>
              </value>
            </param>
            <param index="2">
              <value>
                <![CDATA[Java*09876]]>
              </value>
            </param>
            <param index="3">
              <value>
                <![CDATA[Java6]]>
              </value>
            </param>
            <param index="4">
              <value>
                <![CDATA[Java6]]>
              </value>
            </param>
            <param index="5">
              <value>
                <![CDATA[Java6@yopmail.com]]>
              </value>
            </param>
            <param index="6">
              <value>
                <![CDATA[7.876545678E9]]>
              </value>
            </param>
            <param index="7">
              <value>
                <![CDATA[Bangalore]]>
              </value>
            </param>
            <param index="8">
              <value>
                <![CDATA[bangalore]]>
              </value>
            </param>
            <param index="9">
              <value>
                <![CDATA[bangalore]]>
              </value>
            </param>
            <param index="10">
              <value>
                <![CDATA[karnataka]]>
              </value>
            </param>
            <param index="11">
              <value>
                <![CDATA[560016.0]]>
              </value>
            </param>
            <param index="12">
              <value>
                <![CDATA[India]]>
              </value>
            </param>
            <param index="13">
              <value>
                <![CDATA[japanese]]>
              </value>
            </param>
            <param index="14">
              <value>
                <![CDATA[DOGS]]>
              </value>
            </param>
          </params>
          <reporter-output>
          </reporter-output>
        </test-method> <!-- createNewUser -->
        <test-method is-config="true" signature="tearDown()[pri:0, instance:com.petstore.ui.testclass.HomePageTest@5f058f00]" started-at="2022-02-01T08:15:54 IST" name="tearDown" finished-at="2022-02-01T08:15:56 IST" duration-ms="2424" status="PASS">
          <reporter-output>
          </reporter-output>
        </test-method> <!-- tearDown -->
      </class> <!-- com.petstore.ui.testclass.HomePageTest -->
    </test> <!-- Releaseone Test -->
  </suite> <!-- Regression Suite -->
</testng-results>
